<?xml version="1.0" encoding="UTF-8"?>
<!-- Generated by org.testng.reporters.JUnitXMLReporter -->
<testsuite hostname="MyComputer" ignored="2" name="Test" tests="5" failures="1" timestamp="2019-12-04T17:56:14 EST" time="82.146" errors="0">
  <testcase name="transferfunds" time="32.042" classname="testcases.Testcase_Transferfunds"/>
  <testcase name="validateAddPayee" time="12.651" classname="testcases.Testcase_AddPAyee"/>
  <testcase name="login" time="11.556" classname="testcases.Testcase_Login"/>
  <testcase name="login" time="12.217" classname="testcases.Testcase_Login"/>
  <testcase name="login" time="10.874" classname="testcases.Testcase_Login">
    <failure type="java.lang.AssertionError" message="expected [Zero - Log in] but found [Zero - Account Summary]">
      <![CDATA[java.lang.AssertionError: expected [Zero - Log in] but found [Zero - Account Summary]
at testcases.Testcase_Login.login(Testcase_Login.java:36)
at java.util.ArrayList.forEach(ArrayList.java:1257)
... Removed 32 stack frames]]>
    </failure>
  </testcase> <!-- login -->
  <testcase name="@AfterTest quitBrowser" time="0.0" classname="base.Page">
    <ignored/>
  </testcase> <!-- @AfterTest quitBrowser -->
  <testcase name="@AfterTest quitBrowser" time="0.0" classname="base.Page">
    <ignored/>
  </testcase> <!-- @AfterTest quitBrowser -->
</testsuite> <!-- Test -->
