<?xml version="1.0" encoding="UTF-8"?>
<!-- Generated by org.testng.reporters.JUnitXMLReporter -->
<testsuite ignored="1" hostname="MyComputer" failures="0" tests="2" name="Test" time="26.854" errors="0" timestamp="2020-01-22T09:19:48 EST">
  <testcase classname="testcases.Testcase_Transferfunds" name="transferfunds" time="13.39"/>
  <testcase classname="testcases.Testcase_AddPAyee" name="validateAddPayee" time="11.97"/>
  <testcase classname="base.Page" name="@AfterTest quitBrowser" time="0.0">
    <ignored/>
  </testcase> <!-- @AfterTest quitBrowser -->
</testsuite> <!-- Test -->
