<?xml version="1.0" encoding="UTF-8"?>
<testsuite xmlns:xsi="http://www.w3.org/2001/XMLSchema-instance" xsi:noNamespaceSchemaLocation="https://maven.apache.org/surefire/maven-surefire-plugin/xsd/surefire-test-report-3.0.xsd" version="3.0" name="TestSuite" time="67.431" tests="5" errors="0" skipped="0" failures="1">
  <properties>
[...]
</properties>
  <testcase name="transferfunds" classname="testcases.Testcase_Transferfunds" time="13.641"/>
  <testcase name="validateAddPayee" classname="testcases.Testcase_AddPAyee" time="13.491"/>
  <testcase name="login" classname="testcases.Testcase_Login" time="11.41"/>
  <testcase name="login" classname="testcases.Testcase_Login" time="12.262"/>
  <testcase name="login" classname="testcases.Testcase_Login" time="11.545">
    <failure message="expected [Zero - Log in] but found [Zero - Account Summary]" type="java.lang.AssertionError"><![CDATA[java.lang.AssertionError: expected [Zero - Log in] but found [Zero - Account Summary]
	at testcases.Testcase_Login.login(Testcase_Login.java:36)
]]></failure>
    <system-err><![CDATA[Starting ChromeDriver 78.0.3904.105 (60e2d8774a8151efa6a00b1f358371b1e0e07ee2-refs/branch-heads/3904@{#877}) on port 5826
Only local connections are allowed.
Please protect ports used by ChromeDriver and related test frameworks to prevent access by malicious code.
[1575510552.039][WARNING]: Timed out connecting to Chrome, retrying...
Dec 04, 2019 8:49:14 PM org.openqa.selenium.remote.ProtocolHandshake createSession
INFO: Detected dialect: W3C
[1575510557.514][WARNING]: Timed out connecting to Chrome, retrying...
]]></system-err>
  </testcase>
</testsuite>