<?xml version="1.0" encoding="UTF-8"?>
<testng-results ignored="1" total="3" passed="2" failed="0" skipped="0">
  <reporter-output>
  </reporter-output>
  <suite started-at="2020-01-22T09:19:22 EST" name="Suite" finished-at="2020-01-22T09:19:48 EST" duration-ms="26854">
    <groups>
    </groups>
    <test started-at="2020-01-22T09:19:22 EST" name="Test" finished-at="2020-01-22T09:19:48 EST" duration-ms="26854">
      <class name="testcases.Testcase_Transferfunds">
        <test-method signature="transferfunds()[pri:0, instance:testcases.Testcase_Transferfunds@4fb0f2b9]" started-at="2020-01-22T09:19:22 EST" name="transferfunds" finished-at="2020-01-22T09:19:35 EST" duration-ms="13390" status="PASS">
          <reporter-output>
          </reporter-output>
        </test-method> <!-- transferfunds -->
        <test-method is-config="true" signature="teardown()[pri:0, instance:testcases.Testcase_Transferfunds@4fb0f2b9]" started-at="2020-01-22T09:19:35 EST" name="teardown" finished-at="2020-01-22T09:19:36 EST" duration-ms="727" status="PASS">
          <reporter-output>
          </reporter-output>
        </test-method> <!-- teardown -->
        <test-method is-config="true" signature="quitBrowser()[pri:0, instance:testcases.Testcase_Transferfunds@4fb0f2b9]" started-at="2020-01-22T09:19:48 EST" name="quitBrowser" finished-at="2020-01-22T09:19:48 EST" duration-ms="1" status="PASS">
          <reporter-output>
          </reporter-output>
        </test-method> <!-- quitBrowser -->
      </class> <!-- testcases.Testcase_Transferfunds -->
      <class name="testcases.Testcase_AddPAyee">
        <test-method signature="validateAddPayee()[pri:0, instance:testcases.Testcase_AddPAyee@79924b]" started-at="2020-01-22T09:19:36 EST" name="validateAddPayee" finished-at="2020-01-22T09:19:48 EST" duration-ms="11970" status="PASS">
          <reporter-output>
          </reporter-output>
        </test-method> <!-- validateAddPayee -->
        <test-method is-config="true" signature="teardown()[pri:0, instance:testcases.Testcase_AddPAyee@79924b]" started-at="2020-01-22T09:19:48 EST" name="teardown" finished-at="2020-01-22T09:19:48 EST" duration-ms="723" status="PASS">
          <reporter-output>
          </reporter-output>
        </test-method> <!-- teardown -->
      </class> <!-- testcases.Testcase_AddPAyee -->
    </test> <!-- Test -->
  </suite> <!-- Suite -->
</testng-results>
